<?xml version="1.0" encoding="UTF-8"?>
<!-- Generated by org.testng.reporters.JUnitReportReporter -->
<testsuite hostname="DESKTOP-OQPM0JT" failures="0" tests="4" name="parallel.RunCucumberTest" time="1.127" errors="0" timestamp="2025-07-29T09:32:05 IST" skipped="0">
  <testcase classname="parallel.RunCucumberTest" name="runScenario" time="0.282"/>
  <system-out/>
  <testcase classname="parallel.RunCucumberTest" name="runScenario" time="0.282"/>
  <system-out/>
  <testcase classname="parallel.RunCucumberTest" name="runScenario" time="0.282"/>
  <system-out/>
  <testcase classname="parallel.RunCucumberTest" name="runScenario" time="0.281"/>
  <system-out/>
</testsuite> <!-- parallel.RunCucumberTest -->
